0.000337498
0.000567393
0.000477836
0.00052857
0.000508808
0.000460507
0.000293148
0.000360196
0.000602463
0.000447865
0.000315151
0.000510812
0.000300303
0.000583962
0.000602168
0.000339508
0.000470529
0.000438531
0.000417593
0.000484156
0.000575786
0.000627098
0.000630977
0.000332243
0.000515494
0.000416089
0.000544463
0.000657403
0.000551548
0.000455694
0.000568009
0.000481886
0.000486247
0.00045871
0.000495386
0.000508436
0.000509021
0.000458813
0.000345039
0.000518347
0.000601426
0.000258699
0.000375697
0.000490788
0.000419303
0.000453549
0.000526696
0.000300993
0.000636759
0.000482459
0.000612943
0.000471504
0.000539053
0.000494824
0.000341848
0.000456718
0.000434786
0.000677048
0.00039225
0.000448501
0.000503725
0.000576058
0.000645525
0.000734827
0.000297616
0.000588119
0.000403234
0.000534316
0.000383919
0.000684701
0.000326249
0.000269971
0.000608616
0.000406518
0.000338441
0.00053952
0.000731218
0.00083976
0.00051172
0.000439144
0.000380353
0.000560199
0.000645353
0.000508956
0.000566566
0.000360918
0.000418926
0.000520844
0.000364247
0.000485344
0.00037635
0.00043602
0.00047372
0.000482545
0.000487344
0.000512244
0.00040719
0.000549287
0.000349852
0.000351163
0.000647331
0.000440895
0.000470596
0.000446006
0.000292953
0.000475809
0.000508626
0.00051446
0.000618948
0.000357147
0.00089719
0.000319233
0.000603412
0.000477511
0.000591884
0.000532666
0.00042349
0.00041531
0.000361653
0.000341935
0.000419586
0.00055488
0.000499695
0.000677465
0.00049084
0.000438178
0.000328811
0.000432578
0.000517904
0.000639029
0.000555922
0.000478588
0.000489535
0.000600491
0.000310797
0.000258725
0.00048497
0.000486685
0.000434535
0.000526501
0.000311665
0.000566339
0.000573191
0.000429818
0.000379669
0.000607638
0.000590709
0.000651327
0.00050239
0.000686292
0.000629192
0.000432833
0.000611198
0.000623332
0.000332988
0.000385665
0.000612463
0.000415706
0.000378128
0.000504448
0.000396783
0.000533079
0.000479421
0.000547454
0.000336614
0.000452853
0.000658758
0.000558565
0.000577432
0.000651409
0.00071367
0.00033035
0.000644128
0.000440547
0.000774701
0.000867956
0.000328566
0.000549904
0.000694952
0.000656421
0.000366433
0.0004999
0.000458363
0.000609828
0.000340657
0.000261153
0.000487976
0.000340727
0.000534396
0.000540592
0.000486104
0.000305021
0.000409965
0.000562612
0.000435788
0.000539608
0.000454643
0.000546001
0.000631052
0.000428558
0.000451523
0.000744128
0.000501056
0.0004804
0.000450531
0.000439327
0.000690421
0.000413131
0.000311668
0.000689362
0.000341015
0.000550731
0.000494645
0.000486635
0.000346038
0.000498365
0.000476636
0.000502525
0.000520925
0.000536558
0.000549476
0.000711369
0.000531899
0.000640012
0.000453489
0.000525051
0.000666012
0.000581612
0.000317866
0.00053102
0.000359938
0.000425755
0.000499475
0.000509923
0.000456535
0.000388136
0.000516629
0.000496871
0.000418059
0.000492232
0.00030349
0.000545059
0.000759999
0.000515429
0.000507857
0.000619626
0.000454225
0.000390884
0.000290176
0.000440056
0.000487734
0.000462403
0.000397563
0.000392091
0.000341955
0.000472477
0.000614422
0.000608321
0.000499508
0.000302614
0.000415244
0.000655556
0.00049934
0.000628198
0.000467936
0.00065038
0.000571428
0.00045684
0.000503603
0.000314537
0.000395538
0.000438552
0.000452335
0.000423359
0.000531686
0.000670178
0.000403173
0.000421303
0.00045128
0.000415779
0.000397116
0.000752341
0.000511799
0.000492875
0.000658164
0.000565337
0.000694659
0.00061017
0.00070929
0.000595647
0.000455089
0.000409057
0.000426922
0.000517014
0.000412589
0.000538053
0.000335506
0.000497653
0.000612199
0.00051735
0.000439148
0.000524266
0.000356807
0.000412305
0.000716107
0.000391649
0.00042266
0.000497459
0.000551023
0.000480534
0.000489633
0.000510891
0.000695921
0.000539228
0.00048914
0.000536852
0.000565224
0.000676002
0.000424081
0.000490484
0.000773807
0.00032892
0.000361696
0.000625058
0.000558455
0.000507261
0.000834952
0.000635836
0.00047752
0.000721978
0.0007775
0.000430442
0.000533474
0.000607165
0.000481848
0.000518056
0.000298856
0.000596581
0.000766837
0.000481282
0.000572859
0.000474545
0.000566983
0.000393305
0.000503904
0.00053052
0.000557703
0.000602409
0.000464304
0.000635378
0.00030134
0.000385989
0.000581114
0.000455398
0.000661304
0.000432578
0.000458986
0.000469592
0.000577934
0.000508108
0.000619826
0.000350933
0.000454771
0.000583116
0.000375358
0.000597449
0.000597029
0.000647664
0.000483314
0.000519795
0.000441907
0.000379197
0.000388593
0.000383047
0.000390861
0.000223051
0.000527294
0.000674027
0.000403163
0.000517266
0.000717
0.000478538
0.000367298
0.000529377
0.00033627
0.000629981
0.000336498
0.000451802
0.000461018
0.00047253
0.000412567
0.000492492
0.000364537
0.000422898
0.000524644
0.000397568
0.000396419
0.000685517
0.000623365
0.000478621
0.000634941
0.000510746
0.000514413
0.000455357
0.000413234
0.000563266
0.000386966
0.0003885
0.000459247
0.000338116
0.000300364
0.000604547
0.000327879
0.000475262
0.000495148
0.000646577
0.000521067
0.000567946
0.000432806
0.000418257
0.000726788
0.000922164
0.00063938
0.000270272
0.000503078
0.000223051
0.000467379
0.000700147
0.000378064
0.000718331
0.000690528
0.000639999
0.000223051
0.000779724
0.000428383
0.000512545
0.000647089
0.000274604
0.000499394
0.000407696
0.000470201
0.000375842
0.000344685
0.000390757
0.000488413
0.000536073
0.000399371
0.000635088
0.000392179
0.000573066
0.00044088
0.000308878
0.000569243
0.000577607
0.000541803
0.000658646
0.000378356
0.000567928
0.00038452
0.000533618
0.00049043
0.000466015
0.000300376
0.000397863
0.000738271
0.000596333
0.000448875
0.000543517
0.000723758
0.000499437
0.000517671
0.000638259
0.000339824
0.000539093
0.000323427
0.000468928
0.000525944
0.000607457
0.000392396
0.000366439
0.000464369
0.000318012
0.000458362
0.000594034
0.000460907
0.000417421
0.000528612
0.000631351
0.00062111
0.000520914
0.000334876
0.000384623
0.000397111
0.000721531
0.000520023
0.000457228
0.000660437
0.000453172
0.000301608
0.000471847
0.00059084
0.000423667
0.000434366
0.000472794
0.000280563
0.000760179
0.0006609
0.000485554
0.000489994
0.000601042
0.000510007
0.000378311
0.000603025
0.000601574
0.000461407
0.000560074
0.000478884
0.000561449
0.000493084
0.000426215
0.000536576
0.000655361
0.000388527
0.000395586
0.000337635
0.000455672
0.000500275
0.000488348
0.000473885
0.000567697
0.000384046
0.000406277
0.000763427
0.0005387
0.000444584
0.000456727
0.000535086
0.000382157
0.000505592
0.000601328
0.00045744
0.000609265
0.000450897
0.000523664
0.000793042
0.000403543
0.000609772
0.000449279
0.000331344
0.000316953
0.000641026
0.000402057
0.00035794
0.00044636
0.000457241
0.000549868
0.000305212
0.000480859
0.000482091
0.000667857
0.000604877
0.00052756
0.000454174
0.00059341
0.000492011
0.000368445
0.000415625
0.000455087
0.000264597
0.000402765
0.000437021
0.000489762
0.000630849
0.000712954
0.000654081
0.000342503
0.000541295
0.000478678
0.000492648
0.000610496
0.00045991
0.000481894
0.000507919
0.000492879
0.000377233
0.000425691
0.000613157
0.000682872
0.000589285
0.000486229
0.000310257
0.000550402
0.000372161
0.000501666
0.00030615
0.000683194
0.000489352
0.000757414
0.000757583
0.000552462
0.000419181
0.000437052
0.000549792
0.000586897
0.000379898
0.0004858
0.000457459
0.000396732
0.000483779
0.000692321
0.000760403
0.000402536
0.00057381
0.000520148
0.000223051
0.000503014
0.000589195
0.000430824
0.000642989
0.000426487
0.000346116
0.000343501
0.000521973
0.000321562
0.000624279
0.000493648
0.000457272
0.000686656
0.000300247
0.000571966
0.000537437
0.000372259
0.000508605
0.000446441
0.000470389
0.000544007
0.000460266
0.000691508
0.000523658
0.00065142
0.000504994
0.000499483
0.000486611
0.00050647
0.00088418
0.000472686
0.000710405
0.000507173
0.000617239
0.000559267
0.000653331
0.000517572
0.000413574
0.000693685
0.000681716
0.000514016
0.000412442
0.000586431
0.000313606
0.000647688
0.000540326
0.00056633
0.000262164
0.000643199
0.000368824
0.000486579
0.000510573
0.000356987
0.000486985
0.000320599
0.000462932
0.000339405
0.000435029
0.000505178
0.000716172
0.000434562
0.000481772
0.000534309
0.000578402
0.000651452
0.000418147
0.000467605
0.000435113
0.00045549
0.00064789
0.000570238
0.00059359
0.000539827
0.000661961
0.000332228
0.000610419
0.00079038
0.00053845
0.000359895
0.000424952
0.000492061
0.000647473
0.000433264
0.000570508
0.000589385
0.000690928
0.000810714
0.000572118
0.000437849
0.000364111
0.000428033
0.000349952
0.000475798
0.000440176
0.000363016
0.000388687
0.000349322
0.000498703
0.000529207
0.000588841
0.000511203
0.000641241
0.00056964
0.000455077
0.000529742
0.00065557
0.000865152
0.000502528
0.000558641
0.000740791
0.000393209
0.000429887
0.000570908
0.000633329
0.000357395
0.000538903
0.000605869
0.000505397
0.000609679
0.000590598
0.000376637
0.000493779
0.000393432
0.000599694
0.000508502
0.000433309
0.000499606
0.000571533
0.000432404
0.000346782
0.000474756
0.000445347
0.000605393
0.000541434
0.000484244
0.000651699
0.000386313
0.000571876
0.000351841
0.00056277
0.000368629
0.000621387
0.00043764
0.000544958
0.000720379
0.000410053
0.00051709
0.000591053
0.000380667
0.000345778
0.000616992
0.000601532
0.000364717
0.000612542
0.000459993
0.000372603
0.000503598
0.000435112
0.000661913
0.000654378
0.000469476
0.000555679
0.000337198
0.000415826
0.000585318
0.000559553
0.000558878
0.000437441
0.000433597
0.000458681
0.000697245
0.000593493
0.00055972
0.000344356
0.000591251
0.000450076
0.000439755
0.000263237
0.00030277
0.000441917
0.000517363
0.000599733
0.000485292
0.000486606
0.00061957
0.000564951
0.000308936
0.000368164
0.000476533
0.00056218
0.000601365
0.000741793
0.000512691
0.000614987
0.000697497
0.000669999
0.000591984
0.000282393
0.000630952
0.000394096
0.000936124
0.000489948
0.000407519
0.000364404
0.000730054
0.000361356
0.000615976
0.000445383
0.00059257
0.000432796
0.000388531
0.000402719
0.000652551
0.00052344
0.000593299
0.000436264
0.000676578
0.000429105
0.000464973
0.000372024
0.000305883
0.000406424
0.000448574
0.000526038
0.000619397
0.0006751
0.000910713
0.000575217
0.00061872
0.000382211
0.00044562
0.000444657
0.000718249
0.000322772
0.000394879
0.000486773
0.000346171
0.000550757
0.000463194
0.000475238
0.000382446
0.000396453
0.000502575
0.000332173
0.000581296
0.000448421
0.000314545
0.000568367
0.000498022
0.00031266
0.000479835
0.000565841
0.000542829
0.000521494
0.000466097
0.000676149
0.000630805
0.000306079
0.000489864
0.000493001
0.000533278
0.000368366
0.000422309
0.000675965
0.000396436
0.00056794
0.000607079
0.00039495
0.000492149
0.000576551
0.000337233
0.000848935
0.000412901
0.000477917
0.000455889
0.000620663
0.000773094
0.000331804
0.000666239
0.000277347
0.000383747
0.000798403
0.00052969
0.000374004
0.000555009
0.000292035
0.000673627
0.000427906
0.000358693
0.000350147
0.00059451
0.000375285
0.000441365
0.000625962
0.000257889
0.00075975
0.000410081
0.000454215
0.000792626
0.000464417
0.000543
0.000424368
0.000321185
0.000407834
0.000343738
0.000693068
0.000440696
0.000361508
0.000710921
0.000490821
0.000713832
0.000379348
0.000599323
0.000466229
0.000515946
0.000393498
0.000387064
0.000348642
0.000576991
0.000415874
0.000446065
0.000333975
0.000383362
0.000363234
0.000540241
0.000373383
0.000481379
0.000695623
0.000518163
0.00058332
0.000442711
0.00031792
0.000512803
0.000255373
0.000383709
0.000449448
0.000462502
0.00051519
0.000671578
0.000409149
0.000384566
0.000450503
0.000686737
0.000355486
0.00051571
0.000564076
0.000795385
0.000449094
0.000559395
0.000624565
0.000652889
0.000538056
0.000423444
0.000489704
0.000401328
0.000474304
0.00061481
0.000389507
0.000800732
0.000576073
0.000470231
0.000422241
0.000424119
0.000362438
0.000362898
0.000433306
0.000578868
0.000454799
0.000408937
0.000728082
0.000585128
0.000706926
0.000536183
0.000388854
0.000805104
0.000557815
0.000448439
0.000345072
0.000488524
0.000313601
0.00037174
0.000371685
0.000510463
0.000360119
0.00043888
0.000477915
0.000430786
0.000460029
0.000373633
0.000327892
0.000384709
0.00059557
0.000432942
0.000576702
0.000428588
0.000606796
0.000523761
0.000589505
0.000335565
0.000464905
0.000437115
0.000332757
0.000449456
0.000755171
0.000559033
0.00080222
0.000466693
0.000485227
0.000511562
0.000652254
0.00067474
0.000448012
0.000621876
0.00042113
0.000490362
0.000559449
0.000391776
0.000408458
0.000643688
0.00044405
0.000363233
0.000781899
0.000762838
0.000424786
0.000414103
0.000540314
0.000389868
0.000482357
0.000560194
0.000355417
0.00059573
0.000464106
0.00057682
0.000585097
0.000516957
0.000395252
0.000565179
0.00056768
0.000437118
0.000361927
0.000421177
0.000642638
0.00051339
0.000571131
0.000378157
0.000372004
0.000592422
0.000682881
0.000475614
0.000558093
0.000676687
0.000366086
0.000348539
0.000577486
0.000428281
0.000606574
0.000456792
0.000544373
0.000367076
0.000388333
0.000485411
0.000722281
0.000567066
0.000477719
0.000715047
0.000527971
0.000352953
0.000514395
0.000467662
0.000646027
0.00055109
0.000379553
0.000448377
0.000576845
0.000368789
0.000752245
0.000610027
0.000554332
0.000606364
0.000456349
0.000382136
0.00054878
0.000467483
0.00033964
0.00030096
0.0004576
0.000664221
0.000642264
0.000570526
0.000378765
0.000467429
0.000555509
0.000412893
0.000690362
0.00057037
0.000318875
0.00046333
0.000425503
0.000497928
0.00046834
0.000650512
0.000443016
0.000442727
0.000615779
0.000524979
0.000473956
0.00044327
0.000523947
0.000361386
0.000667663
0.000593367
0.000818547
0.000678093
0.000547175
0.000462301
0.000483785
0.000472028
0.000411439
0.000629103
0.000608353
0.000625773
0.000359177
0.000469212
0.000568661
0.00039734
0.000509508
0.000520518
0.000499191
0.000540378
0.00040206
0.000356031
0.000338121
0.000427654
0.000469471
0.00036344
0.000538207
0.000492538
0.000555107
0.000387528
0.00049597
0.000337757
0.00039757
0.000348628
0.000392296
0.000438743
0.000440752
0.0003782
0.00031615
0.000507844
0.000493179
0.000223051
0.000464516
0.000425109
0.00040561
0.000569346
0.000503878
0.000521642
0.000542432
0.000512962
0.000649145
0.000306268
0.000922726
0.000432152
0.000383447
0.000481699
0.000335796
0.000676022
0.000485538
0.000545794
0.000358731
0.000643253
0.00040791
0.000479991
0.000595178
0.000431413
0.000408072
0.000324376
0.000267659
0.000457425
0.000551745
0.000483266
0.000403894
0.000660133
0.000305507
0.000582714
0.000562945
0.000403007
0.000651333
0.000434447
0.00041046
0.000479177
0.000605224
0.000620781
0.000555478
0.000545374
0.000493995
0.000373085
0.000334074
0.000605303
0.000445884
0.000456205
0.000420142
0.000665101
0.000500636
0.000460152
0.000479877
0.000562475
0.000451572
0.000607098
0.000445931
0.000736165
0.000476792
0.000541198
0.000304205
0.000534704
0.000385654
0.000301632
0.000318936
0.000254734
0.000319721
0.000535956
0.000714936
0.000507272
0.000511461
0.000510236
0.00040109
0.000437619
0.000509869
0.000522303
0.000605831
0.000371257
0.000620494
0.000609568
0.000424262
0.000426473
0.000438219
0.000511254
0.000427571
0.000384315
0.000526036
0.000620902
0.000481447
0.000393403
0.000304199
0.000808094
0.000785445
0.000492464
0.000473458
0.00030556
0.000474545
0.000382572
0.000585724
0.000864602
0.000540362
0.000587752
0.000436354
0.000529003
0.000454015
0.000578492
0.000312726
0.000534882
0.000401379
0.000425444
0.000503657
0.000352869
0.000336395
0.000644562
0.000644937
0.000342794
0.000328517
0.000576103
0.000495712
0.00055868
0.000537796
0.000500705
0.000392308
0.000402971
0.000475551
0.000588599
0.000464417
0.000638269
0.000634234
0.000356888
0.000492722
0.000390332
0.000447644
0.000294342
0.000501858
0.000395653
0.000430855
0.000414092
0.000408174
0.000437975
0.00048307
0.000273396
0.000427372
0.000428538
0.000442913
0.000717897
0.000458915
0.000358485
0.000799141
0.000361547
0.000563374
0.000569607
0.000343163
0.000455813
0.000414197
0.000308478
0.00040016
0.000651605
0.000472431
0.000503429
0.000472201
0.000442475
0.000641046
0.000486799
0.000440104
0.000423357
0.000434061
0.000521055
0.000566155
0.000473502
0.00040431
0.00048157
0.000707102
0.000389293
0.000607968
0.000642712
0.000363516
0.000378464
0.000590031
0.000318491
0.000759355
0.000410376
0.000560046
0.000589424
0.000460044
0.000552437
0.000460192
0.000223051
0.000399507
0.000443289
0.00040203
0.000489882
0.000597313
0.000388668
0.000441264
0.0003445
0.000332353
0.000443484
0.000554653
0.000442826
0.000542485
0.000565206
0.0004993
0.000634803
0.000521164
0.000599452
0.00034617
0.000725971
0.000547847
0.000374452
0.000601243
0.000422192
0.000423279
0.000472207
0.000541787
0.000581238
0.00063928
0.000419357
0.000704409
0.00079239
0.000559563
0.000548813
0.000474181
0.00055725
0.000323107
0.000385746
0.000524629
0.000483491
0.000508554
0.000461008
0.000307068
0.000667537
0.000639827
0.00064239
0.000550339
0.000726611
0.000467068
0.000508347
0.000381569
0.000499377
0.000399436
0.000630022
0.000582194
0.000570838
0.000308423
0.000548458
0.000522083
0.000635935
0.000439517
0.000501371
0.000373875
0.000420319
0.000513353
0.000599226
0.000499886
0.000662325
0.000551756
0.000733163
0.000497711
0.000462555
0.000515535
0.000542398
0.000587957
0.000430745
0.000689082
0.000673069
0.000467679
0.000578276
0.00048409
0.000353748
0.000622829
0.00037239
0.000480306
0.000405627
0.00055988
0.000569827
0.000452065
0.000442888
0.000576302
0.000576678
0.000528002
0.000523212
0.000548866
0.000486827
0.000528488
0.000377677
0.00055281
0.000353736
0.000505179
0.000675731
0.000505259
0.000410752
0.000405249
0.000516751
0.00042505
0.000296291
0.000399929
0.000497258
0.000618044
0.000640248
0.000302985
0.00038726
0.000460114
0.000614594
0.000348019
0.00054098
0.000398727
0.000476517
0.000498529
0.000342592
0.000599843
0.000496133
0.00036834
0.000678589
0.000352542
0.000380912
0.000633378
0.000531511
0.000561049
0.000536362
0.00054195
0.000464778
0.00058489
0.000399073
0.00067858
0.000327198
0.000364221
0.000594306
0.000433862
0.000529469
0.000496595
0.000515322
0.000535242
0.000342611
0.000509876
0.000475706
0.0006343
0.00064293
0.000507529
0.000578245
0.000347744
0.000376828
0.000525527
0.000362893
0.000440605
0.000490049
0.000581815
0.000699355
0.000552654
0.000327522
0.000432315
0.000455329
0.000533364
0.000747748
0.000580592
0.000522047
0.000555052
0.000551515
0.000750099
0.000474353
0.000519726
0.000346967
0.000485802
0.000547589
0.000478573
0.000681901
0.000529939
0.000501346
0.000406781
0.000657965
0.000513836
0.000456012
0.000532253
0.000520215
0.00060388
0.000657036
0.000540969
0.000779604
0.000409129
0.000581801
0.000586017
0.000448622
0.000394197
0.000589389
0.000875191
0.000481446
0.000445467
0.000631542
0.000529459
0.000345064
0.000357245
0.000650737
0.000528256
0.00037018
0.000526811
0.000701546
0.000417263
0.000551531
0.000339296
0.000424675
0.000394083
0.000502201
0.000396567
0.000358978
0.000519655
0.000687335
0.000524439
0.000415697
0.000624521
0.000453732
0.000518817
0.000424868
0.000563009
0.000589307
0.000550983
0.000398806
0.000442865
0.000684716
0.000416143
0.000676635
0.000443509
0.000570145
0.000421969
0.000393586
0.000468538
0.000431285
0.000514303
0.000822299
0.000543478
0.00045476
0.000511263
0.000455518
0.000480713
0.000365825
0.000632253
0.000351812
0.000490033
0.000307493
0.000421185
0.000557052
0.000385618
0.000374829
0.000303626
0.000477062
0.000500866
0.000432321
0.000700292
0.00043373
0.000381856
0.000906638
0.000605338
0.000530159
0.000599062
0.000448576
0.000521484
0.00068088
0.000458875
0.000608302
0.000397872
0.000754918
0.00068831
0.00071639
0.000727796
0.000529101
0.000570855
0.000440928
0.00025998
0.00069914
0.000267048
0.000421911
0.000422733
0.000579721
0.000510777
0.000710697
0.000528949
0.00039946
0.000424006
0.000436475
0.000442286
0.00050239
0.000763968
0.000567203
0.000472883
0.000302231
0.000585007
0.000479726
0.000407941
0.000763234
0.00044067
0.000640377
0.000631793
0.000917901
0.000519434
0.000470777
0.000554915
0.000549378
0.000498792
0.000346321
0.000503024
0.000746688
0.000361865
0.000757711
0.000535296
0.00045634
0.000446547
0.000476118
0.000670671
0.000550341
0.000894017
0.000352502
0.000509913
0.000439951
0.000362417
0.000356052
0.00049809
0.000540054
0.000440871
0.000619307
0.000425186
0.000279017
0.000604122
0.000510874
0.000391038
0.000539324
0.000826172
0.00052849
0.000453314
0.000640168
0.000510534
0.000453546
0.000440032
0.000353994
0.000595072
0.000689963
0.00034573
0.000644787
0.00057467
0.000587703
0.000643679
0.000411059
0.000612106
0.000674277
0.000531685
0.000469859
0.000387984
0.000505801
0.00037222
0.000633515
0.000334345
0.000532645
0.000565691
0.000615517
0.000370949
0.00059584
0.00037989
0.000457357
0.000431735
0.000468073
0.000403206
0.000537403
0.000570542
0.000535124
0.00055741
0.000345566
0.000511477
0.00054667
0.000424279
0.000596256
0.000596658
0.000508876
0.000605241
0.000563438
0.000470344
0.000493467
0.000582603
0.000456917
0.000574403
0.000726068
0.000442988
0.000547545
0.000483194
0.000529508
0.000474846
0.000303167
0.000403038
0.000505569
0.000575769
0.000693918
0.000501622
0.0003786
0.000666907
0.00061452
0.000515911
0.000482486
0.000528343
0.00081131
0.00077124
0.000641981
0.000400944
0.000778871
0.00037491
0.000433665
0.000297879
0.000541494
0.00061531
0.000431388
0.000352948
0.000498385
0.00058953
0.000550559
0.000597392
0.000356439
0.000670356
0.000584677
0.000419433
0.000293217
0.000432257
0.000597533
0.000409675
0.000620924
0.000390164
0.000341007
0.000415014
0.000406713
0.00058867
0.000393938
0.000353185
0.000470021
0.000423886
0.000505255
0.000600803
0.000416609
0.000342749
0.000462572
0.000750687
0.000382004
0.000552085
0.000497808
0.000392036
0.000257305
0.000621771
0.000433589
0.000580594
0.000554144
0.000335781
0.000420536
0.00048946
0.000483591
0.000321993
0.000383627
0.000581647
0.000335338
0.000732644
0.000478809
0.000569402
0.000379682
0.000428787
0.000310338
0.000650642
0.000503621
0.000439294
0.000370537
0.000473583
0.00058203
0.000639663
0.000401151
0.000517583
0.000548104
0.000512821
0.000393447
0.000677005
0.000532737
0.000499552
0.000411469
0.000503028
0.000361192
0.000478713
0.000806144
0.000519715
0.000315519
0.000540154
0.000540321
0.000387071
0.000505403
0.000490651
0.00051919
0.000484435
0.000339907
0.00047931
0.000766416
0.000399061
0.000673876
0.000467527
0.000407999
0.000364459
0.000554689
0.000257697
0.000747206
0.000424552
0.000333064
0.00032996
0.000395694
0.000442849
0.000486349
0.000721126
0.000471849
0.000500962
0.000739563
0.000407934
0.000350083
0.000442071
0.000351811
0.000441616
0.000527976
0.000589072
0.000346499
0.000513247
0.000268213
0.000424511
0.000568269
0.000610424
0.000303744
0.000437097
0.000569215
0.000380352
0.000592274
0.000593151
0.000349382
0.00062302
0.00049146
0.000564131
0.000668834
0.0004256
0.000351375
0.000607463
0.000607477
0.000557689
0.00044247
0.00034889
0.000389248
0.000405099
0.000340809
0.00041773
0.000482504
0.000428784
0.000391386
0.000630625
0.000587093
0.000347014
0.000432298
0.000266457
0.000401264
0.00040453
0.000657869
0.000436544
0.00036907
0.000548732
0.000561098
0.000410388
0.000377668
0.000547223
0.000539002
0.00085051
0.000354395
0.000548074
0.000764146
0.000367232
0.000526556
0.000610122
0.000595058
0.000507035
0.000328279
0.000434527
0.000386835
0.000760773
0.000490472
0.000380113
0.000804377
0.000471063
0.000507633
0.000458882
0.000511928
0.000357846
0.000503963
0.000626065
0.000521987
0.000433226
0.000485887
0.000635161
0.000395339
0.000472043
0.000340633
0.000599402
0.000617134
0.000739417
0.000437471
0.000546707
0.00051647
0.000505646
0.000671102
0.000387504
0.000604012
0.00042112
0.000399882
0.000314824
0.000412885
0.000424996
0.000389805
0.000500106
0.000457034
0.000743948
0.000443128
0.000529496
0.000675303
0.000630606
0.000580574
0.000459115
0.000373012
0.000631154
0.000608506
0.000571674
0.000566847
0.000651268
0.000362479
0.000436688
0.000566814
0.000470284
0.000610594
0.000594672
0.000359518
0.000533027
0.000520875
