1.66269
1.07518
0.83294
0.569671
0.407635
0.327585
0.315329
0.279685
0.275419
0.243883
0.241996
0.22279
0.21908
0.20469
0.186246
0.177102
0.158545
0.152153
0.140421
0.138569
0.128293
0.122882
0.114264
0.113454
0.109197
0.107199
0.103454
0.0980264
0.0946954
0.090735
0.0870446
0.0851636
0.0805492
0.07551
0.0739169
0.0710957
0.068522
0.0668437
0.0659467
0.0637847
0.0621861
0.0588099
0.0574278
0.0570744
0.054095
0.0536989
0.0525005
0.0503862
0.049474
0.0484107
0.0464589
0.0455889
0.0445006
0.0433732
0.0427964
0.0422412
0.0416265
0.0403898
0.0401032
0.0380485
0.0371453
0.0366042
0.0365189
0.0359794
0.0351741
0.0339687
0.0337978
0.0330682
0.0323015
0.0317418
0.031124
0.0309737
0.0301846
0.0299847
0.0295519
0.0293416
0.0289573
0.028589
0.0280265
0.0275685
0.0271545
0.0268343
0.0266871
0.0265071
0.026142
0.0256623
0.0254138
0.025112
0.0244782
0.0239975
0.0238823
0.023737
0.0233568
0.0230613
0.0228198
0.0226352
0.0221477
0.0219873
0.0216649
0.0215737
0.0214534
0.0210828
0.0208878
0.0204114
0.0201675
0.0196013
0.0195025
0.0192458
0.0189607
0.0188035
0.0184529
0.01819
0.0180962
0.0178988
0.0176476
0.0173901
0.0172834
0.0169652
0.0168764
0.0168115
0.0165213
0.0161776
0.0160402
0.0158995
0.0157362
0.0156606
0.0153332
0.0152445
0.0151299
0.0149355
0.0147402
0.0146713
0.0144248
0.0142898
0.0141259
0.0139753
0.0137108
0.0135421
0.0132535
0.0130522
0.0128569
0.0126561
0.0125465
0.0124467
0.0123013
0.0120392
0.01191
0.0117578
0.0116764
0.0114828
0.0112782
0.0112123
0.0111078
0.01094
0.0107979
0.0106487
0.0103349
0.0104732
0.0101996
0.0101776
0.0100098
0.00980692
0.00963731
0.00946783
0.00954381
0.00940673
0.00922251
0.00913233
0.00900796
0.00884389
0.00875213
0.00869041
0.00864008
0.00860761
0.00847279
0.00833572
0.00824702
0.0081476
0.00787657
0.00787932
0.00779294
0.00770498
0.00756796
0.00751552
0.00747028
0.00739412
0.00730954
0.00724411
0.00713212
0.00704489
0.00690139
0.00680646
0.00663059
0.00654644
0.00652568
0.00635836
0.00634119
0.00626409
0.00626168
0.00621116
0.00615769
0.00606472
0.0060103
0.00595909
0.0059059
0.00581747
0.00580973
0.00572876
0.00561111
0.00560303
0.00552485
0.00543702
0.00536573
0.00527499
0.0052151
0.00512445
0.00508088
0.00491687
0.00481807
0.00476142
0.00474078
0.00466483
0.00462904
0.00455377
0.00453383
0.0044572
0.00443086
0.00440077
0.00432302
0.00422468
0.00419207
0.00411397
0.00406005
0.00397296
0.00391357
0.0038529
0.00377099
0.00375127
0.00369913
0.00367309
0.00358591
0.00352596
0.00346571
0.00339031
0.003366
0.00332077
0.00330489
0.00320684
0.00314975
0.00309459
0.00300828
0.00292792
0.00285276
0.00284652
0.0028169
0.00271543
0.00268467
0.00265862
0.00259087
0.00251339
0.00248633
0.00241602
0.00234647
0.00232684
0.00225643
0.0022222
0.00217163
0.00214281
0.00209383
0.00203955
0.00192749
0.00190737
0.00183989
0.00174363
0.00169669
0.00164719
0.00163943
0.00156002
0.00154029
0.00145909
0.00141609
0.00139248
0.00134591
0.00130149
0.00124843
0.00117318
0.00115416
0.00113146
0.00108657
0.00103009
0.00100367
0.000924935
0.000887868
0.00084934
0.000795715
0.000761435
0.000720588
0.000676581
0.000667788
0.000619148
0.000563037
0.000525711
0.000503402
0.000444175
0.000374806
0.00034395
0.000275571
0.000260623
0.00020894
-1.56724e-06
-1.52986e-06
-1.04425e-06
-6.15297e-07
-5.56983e-07
-5.41979e-07
-4.881e-07
-4.79932e-07
-4.50187e-07
-4.40091e-07
-4.31119e-07
-4.15495e-07
-3.72608e-07
-3.2292e-07
-2.97141e-07
-2.91831e-07
-2.80753e-07
-2.74316e-07
-2.53213e-07
-2.32763e-07
-2.1741e-07
-2.12218e-07
-2.1203e-07
-2.0855e-07
-1.96635e-07
-1.92866e-07
-1.91867e-07
-1.84776e-07
-1.69882e-07
-1.6041e-07
-1.55884e-07
-1.48408e-07
-1.42535e-07
-1.38617e-07
-1.341e-07
-1.3289e-07
-1.30334e-07
-1.28783e-07
-1.19565e-07
-1.19161e-07
-1.1363e-07
-1.12731e-07
-1.06213e-07
-1.01797e-07
-1.01709e-07
-9.78904e-08
-9.76045e-08
-9.63038e-08
-9.32924e-08
-8.92413e-08
-8.66602e-08
-8.56604e-08
-8.42877e-08
-8.30097e-08
-8.16949e-08
-8.06186e-08
-7.97238e-08
-7.9147e-08
-7.28504e-08
-7.136e-08
-7.06533e-08
-6.93749e-08
-6.8936e-08
-6.68946e-08
-6.61551e-08
-6.43405e-08
-6.33038e-08
-6.25482e-08
-6.21979e-08
-6.20094e-08
-6.15395e-08
-5.90963e-08
-5.82426e-08
-5.78876e-08
-5.76174e-08
-5.76273e-08
-5.61549e-08
-5.54391e-08
-5.49641e-08
-5.34152e-08
-5.29598e-08
-5.26602e-08
-5.21163e-08
-5.17722e-08
-5.04616e-08
-5.01497e-08
-4.91045e-08
-4.84933e-08
-4.73938e-08
-4.72614e-08
-4.6401e-08
-4.49491e-08
-4.48943e-08
-4.40585e-08
-4.31464e-08
-4.29835e-08
-4.28826e-08
-4.29031e-08
-4.24443e-08
-4.19362e-08
-4.16839e-08
-4.05471e-08
-3.97327e-08
-3.84597e-08
-3.75764e-08
-3.72296e-08
-3.70444e-08
-3.67667e-08
-3.66247e-08
-3.6013e-08
-3.58091e-08
-3.56911e-08
-3.49062e-08
-3.47098e-08
-3.40413e-08
-3.38191e-08
-3.34204e-08
-3.34402e-08
-3.28075e-08
-3.19159e-08
-3.18931e-08
-3.15696e-08
-3.12892e-08
-3.11057e-08
-3.02128e-08
-3.01227e-08
-2.99404e-08
-2.98858e-08
-2.95651e-08
-2.93512e-08
-2.91747e-08
-2.84677e-08
-2.80795e-08
-2.7412e-08
-2.70551e-08
-2.65249e-08
-2.62699e-08
-2.56045e-08
-2.54916e-08
-2.51689e-08
-2.48297e-08
-2.46935e-08
-2.40438e-08
-2.36057e-08
-2.33114e-08
-2.33416e-08
-2.33019e-08
-2.31618e-08
-2.26161e-08
-2.21671e-08
-2.21541e-08
-2.1946e-08
-2.14588e-08
-2.14544e-08
-2.09207e-08
-2.00808e-08
-1.99718e-08
-1.95912e-08
-1.93071e-08
-1.88909e-08
-1.87425e-08
-1.86817e-08
-1.86238e-08
-1.86207e-08
-1.84621e-08
-1.82598e-08
-1.81851e-08
-1.76916e-08
-1.72782e-08
-1.71926e-08
-1.71605e-08
-1.71312e-08
-1.68484e-08
-1.64949e-08
-1.6267e-08
-1.6224e-08
-1.62335e-08
-1.54358e-08
-1.53991e-08
-1.52303e-08
-1.48289e-08
-1.48096e-08
-1.46102e-08
-1.43967e-08
-1.43773e-08
-1.43631e-08
-1.43062e-08
-1.3668e-08
-1.35091e-08
-1.33022e-08
-1.32497e-08
-1.29755e-08
-1.28152e-08
-1.26692e-08
-1.26266e-08
-1.25176e-08
-1.24665e-08
-1.2351e-08
-1.22179e-08
-1.21845e-08
-1.20488e-08
-1.20006e-08
-1.18388e-08
-1.17557e-08
-1.1611e-08
-1.15302e-08
-1.13459e-08
-1.09696e-08
-1.09435e-08
-1.08401e-08
-1.07802e-08
-1.05874e-08
-1.04214e-08
-1.03176e-08
-1.0217e-08
-1.00742e-08
-9.52197e-09
-9.38015e-09
-9.30864e-09
-9.23082e-09
-9.17263e-09
-9.15375e-09
-9.00182e-09
-8.81098e-09
-8.73787e-09
-8.6826e-09
-8.66255e-09
-8.56523e-09
-8.34406e-09
-8.30285e-09
-8.13155e-09
-8.10686e-09
-7.72933e-09
-7.54616e-09
-7.47027e-09
-7.44058e-09
-7.20108e-09
-7.15533e-09
-7.04277e-09
-7.00633e-09
-6.90453e-09
-6.8089e-09
-6.7454e-09
-6.69266e-09
-6.5593e-09
-6.45358e-09
-6.23073e-09
-6.19532e-09
-6.12125e-09
-5.7629e-09
-5.64592e-09
-5.62183e-09
-5.48444e-09
-5.41608e-09
-5.41647e-09
-5.32095e-09
-5.20865e-09
-4.99615e-09
-4.90483e-09
-4.83165e-09
-4.63266e-09
-4.61823e-09
-4.50571e-09
-4.39151e-09
-4.33608e-09
-4.31256e-09
-4.07308e-09
-3.86286e-09
-3.5183e-09
-3.44425e-09
-3.43306e-09
-3.37833e-09
-3.31045e-09
-3.30385e-09
-3.27853e-09
-3.15515e-09
-3.00828e-09
-2.92446e-09
-2.87899e-09
-2.76599e-09
-2.7094e-09
-2.58617e-09
-2.54513e-09
-2.37782e-09
-2.30724e-09
-2.24409e-09
-2.23958e-09
-2.0411e-09
-1.97663e-09
-1.92301e-09
-1.70214e-09
-1.69254e-09
-1.54597e-09
-1.49017e-09
-1.45563e-09
-1.32579e-09
-1.32235e-09
-1.22591e-09
-1.09812e-09
-1.01088e-09
-9.94234e-10
-9.73801e-10
-6.62773e-10
-6.3739e-10
-6.03276e-10
-4.90189e-10
-3.5059e-10
-3.16218e-10
1.57407e-12
6.7298e-14
2.23932e-14
1.67686e-14
1.54226e-14
1.22566e-14
1.00574e-14
7.44927e-15
6.69516e-15
5.49254e-15
5.19021e-15
4.35934e-15
4.25458e-15
3.81187e-15
3.11923e-15
2.52786e-15
2.30722e-15
-2.19319e-15
2.18651e-15
1.923e-15
1.86765e-15
1.41401e-15
1.41636e-15
1.27631e-15
9.64417e-16
7.18493e-16
5.93522e-16
5.41838e-16
5.32181e-16
4.56147e-16
4.01846e-16
3.99376e-16
2.77426e-16
2.21004e-16
2.15656e-16
2.08724e-16
1.58058e-16
1.44172e-16
1.1408e-16
1.08389e-16
9.76096e-17
8.89927e-17
8.94154e-17
8.71995e-17
-7.63631e-17
5.94233e-17
5.79371e-17
5.56285e-17
5.08161e-17
4.67125e-17
4.52208e-17
4.38676e-17
4.27715e-17
4.26384e-17
4.19266e-17
-4.14916e-17
4.12014e-17
3.86026e-17
3.82477e-17
3.58836e-17
3.59571e-17
-3.4139e-17
3.39396e-17
3.25915e-17
3.18298e-17
3.21292e-17
3.17034e-17
3.01828e-17
3.0168e-17
2.89945e-17
2.83759e-17
-2.82677e-17
2.7727e-17
2.77336e-17
2.74415e-17
2.70028e-17
2.66774e-17
5.42723e-18
-2.78515e-17
2.52493e-17
-2.51162e-17
2.4652e-17
2.48324e-17
-2.43389e-17
2.44133e-17
-2.40345e-17
2.38926e-17
-2.3624e-17
-2.36484e-17
2.35777e-17
2.33307e-17
2.32397e-17
2.29178e-17
2.23915e-17
2.18257e-17
2.27863e-17
2.17723e-17
2.15638e-17
2.09714e-17
-2.08737e-17
-2.03909e-17
2.0137e-17
1.99778e-17
2.00308e-17
1.93696e-17
1.9578e-17
-1.93346e-17
1.87452e-17
1.8888e-17
-1.87382e-17
1.85687e-17
-1.85135e-17
1.83151e-17
-1.81411e-17
1.8012e-17
1.75108e-17
-1.73874e-17
1.72996e-17
1.72722e-17
1.67424e-17
-1.63562e-17
-1.64454e-17
-1.40407e-17
1.75069e-17
-1.60531e-17
1.58715e-17
1.56306e-17
1.55468e-17
1.53754e-17
1.53011e-17
-4.73616e-18
1.70171e-17
1.50226e-17
-1.48336e-17
1.46121e-17
1.44919e-17
7.46938e-18
-1.64849e-17
1.44243e-17
-1.40536e-17
1.46038e-17
1.15016e-17
-1.57964e-17
-1.36781e-17
1.35632e-17
-2.19484e-18
1.41003e-17
1.37454e-17
1.31266e-17
1.3106e-17
1.30405e-17
1.29512e-17
-1.28427e-17
-1.30718e-17
-1.23932e-17
-1.26799e-17
-1.10706e-17
1.33082e-17
1.21052e-17
1.27588e-17
-1.23085e-17
1.2288e-17
-1.22516e-17
-1.22473e-17
-1.20752e-17
1.18277e-17
-1.17975e-17
1.16904e-17
1.1623e-17
